[2019-07-21 22:18:31] local.ERROR: SQLSTATE[HY000] [2002] No connection could be made because the target machine actively refused it.
 (SQL: select * from `basic_settings` limit 1) {"exception":"[object] (Illuminate\\Database\\QueryException(code: 2002): SQLSTATE[HY000] [2002] No connection could be made because the target machine actively refused it.
 (SQL: select * from `basic_settings` limit 1) at C:\\xampp\\htdocs\\Main-files\\worketic\\vendor\\laravel\\framework\\src\\Illuminate\\Database\\Connection.php:664, PDOException(code: 2002): SQLSTATE[HY000] [2002] No connection could be made because the target machine actively refused it.
 at C:\\xampp\\htdocs\\Main-files\\worketic\\vendor\\laravel\\framework\\src\\Illuminate\\Database\\Connectors\\Connector.php:70)
[stacktrace]
#0 C:\\xampp\\htdocs\\Main-files\\worketic\\vendor\\laravel\\framework\\src\\Illuminate\\Database\\Connection.php(624): Illuminate\\Database\\Connection->runQueryCallback('select * from `...', Array, Object(Closure))
#1 C:\\xampp\\htdocs\\Main-files\\worketic\\vendor\\laravel\\framework\\src\\Illuminate\\Database\\Connection.php(333): Illuminate\\Database\\Connection->run('select * from `...', Array, Object(Closure))
#2 C:\\xampp\\htdocs\\Main-files\\worketic\\vendor\\laravel\\framework\\src\\Illuminate\\Database\\Query\\Builder.php(2095): Illuminate\\Database\\Connection->select('select * from `...', Array, true)
#3 C:\\xampp\\htdocs\\Main-files\\worketic\\vendor\\laravel\\framework\\src\\Illuminate\\Database\\Query\\Builder.php(2083): Illuminate\\Database\\Query\\Builder->runSelect()
#4 C:\\xampp\\htdocs\\Main-files\\worketic\\vendor\\laravel\\framework\\src\\Illuminate\\Database\\Query\\Builder.php(2569): Illuminate\\Database\\Query\\Builder->Illuminate\\Database\\Query\\{closure}()
#5 C:\\xampp\\htdocs\\Main-files\\worketic\\vendor\\laravel\\framework\\src\\Illuminate\\Database\\Query\\Builder.php(2084): Illuminate\\Database\\Query\\Builder->onceWithColumns(Array, Object(Closure))
#6 C:\\xampp\\htdocs\\Main-files\\worketic\\vendor\\laravel\\framework\\src\\Illuminate\\Database\\Eloquent\\Builder.php(519): Illuminate\\Database\\Query\\Builder->get(Array)
#7 C:\\xampp\\htdocs\\Main-files\\worketic\\vendor\\laravel\\framework\\src\\Illuminate\\Database\\Eloquent\\Builder.php(503): Illuminate\\Database\\Eloquent\\Builder->getModels(Array)
#8 C:\\xampp\\htdocs\\Main-files\\worketic\\vendor\\laravel\\framework\\src\\Illuminate\\Database\\Concerns\\BuildsQueries.php(77): Illuminate\\Database\\Eloquent\\Builder->get(Array)
#9 C:\\xampp\\htdocs\\Main-files\\worketic\\vendor\\laravel\\framework\\src\\Illuminate\\Support\\Traits\\ForwardsCalls.php(23): Illuminate\\Database\\Eloquent\\Builder->first()
#10 C:\\xampp\\htdocs\\Main-files\\worketic\\vendor\\laravel\\framework\\src\\Illuminate\\Database\\Eloquent\\Model.php(1610): Illuminate\\Database\\Eloquent\\Model->forwardCallTo(Object(Illuminate\\Database\\Eloquent\\Builder), 'first', Array)
#11 C:\\xampp\\htdocs\\Main-files\\worketic\\vendor\\laravel\\framework\\src\\Illuminate\\Database\\Eloquent\\Model.php(1622): Illuminate\\Database\\Eloquent\\Model->__call('first', Array)
#12 C:\\xampp\\htdocs\\Main-files\\worketic\\app\\Providers\\AppServiceProvider.php(63): Illuminate\\Database\\Eloquent\\Model::__callStatic('first', Array)
#13 [internal function]: App\\Providers\\AppServiceProvider->boot()
#14 C:\\xampp\\htdocs\\Main-files\\worketic\\vendor\\laravel\\framework\\src\\Illuminate\\Container\\BoundMethod.php(29): call_user_func_array(Array, Array)
#15 C:\\xampp\\htdocs\\Main-files\\worketic\\vendor\\laravel\\framework\\src\\Illuminate\\Container\\BoundMethod.php(87): Illuminate\\Container\\BoundMethod::Illuminate\\Container\\{closure}()
#16 C:\\xampp\\htdocs\\Main-files\\worketic\\vendor\\laravel\\framework\\src\\Illuminate\\Container\\BoundMethod.php(31): Illuminate\\Container\\BoundMethod::callBoundMethod(Object(Illuminate\\Foundation\\Application), Array, Object(Closure))
#17 C:\\xampp\\htdocs\\Main-files\\worketic\\vendor\\laravel\\framework\\src\\Illuminate\\Container\\Container.php(572): Illuminate\\Container\\BoundMethod::call(Object(Illuminate\\Foundation\\Application), Array, Array, NULL)
#18 C:\\xampp\\htdocs\\Main-files\\worketic\\vendor\\laravel\\framework\\src\\Illuminate\\Foundation\\Application.php(819): Illuminate\\Container\\Container->call(Array)
#19 C:\\xampp\\htdocs\\Main-files\\worketic\\vendor\\laravel\\framework\\src\\Illuminate\\Foundation\\Application.php(802): Illuminate\\Foundation\\Application->bootProvider(Object(App\\Providers\\AppServiceProvider))
#20 [internal function]: Illuminate\\Foundation\\Application->Illuminate\\Foundation\\{closure}(Object(App\\Providers\\AppServiceProvider), 33)
#21 C:\\xampp\\htdocs\\Main-files\\worketic\\vendor\\laravel\\framework\\src\\Illuminate\\Foundation\\Application.php(803): array_walk(Array, Object(Closure))
#22 C:\\xampp\\htdocs\\Main-files\\worketic\\vendor\\laravel\\framework\\src\\Illuminate\\Foundation\\Bootstrap\\BootProviders.php(17): Illuminate\\Foundation\\Application->boot()
#23 C:\\xampp\\htdocs\\Main-files\\worketic\\vendor\\laravel\\framework\\src\\Illuminate\\Foundation\\Application.php(211): Illuminate\\Foundation\\Bootstrap\\BootProviders->bootstrap(Object(Illuminate\\Foundation\\Application))
#24 C:\\xampp\\htdocs\\Main-files\\worketic\\vendor\\laravel\\framework\\src\\Illuminate\\Foundation\\Console\\Kernel.php(297): Illuminate\\Foundation\\Application->bootstrapWith(Array)
#25 C:\\xampp\\htdocs\\Main-files\\worketic\\vendor\\laravel\\framework\\src\\Illuminate\\Foundation\\Console\\Kernel.php(120): Illuminate\\Foundation\\Console\\Kernel->bootstrap()
#26 C:\\xampp\\htdocs\\Main-files\\worketic\\artisan(37): Illuminate\\Foundation\\Console\\Kernel->handle(Object(Symfony\\Component\\Console\\Input\\ArgvInput), Object(Symfony\\Component\\Console\\Output\\ConsoleOutput))
#27 {main}
"} 
